<?xml version='1.0' encoding='UTF-8'?>
<testsuite hostname="MBP-de-macbook" name="com.particeep.test.basic.ComputeAverageTest" tests="1" errors="0" failures="0" skipped="0" time="0.001" timestamp="2021-04-22T22:34:55">
                     <properties>
[...]
</properties>
                     <testcase classname="com.particeep.test.basic.ComputeAverageTest" name="ComputeAverage should compute the average of a list of doubles" time="0.001">
                                                 
                                               </testcase>
                     <system-out><![CDATA[]]></system-out>
                     <system-err><![CDATA[]]></system-err>
                   </testsuite>